<?xml version="1.0" encoding="UTF-8"?>
<testng-results skipped="0" failed="0" ignored="4" total="5" passed="1">
  <reporter-output>
  </reporter-output>
  <suite name="Default suite" duration-ms="553" started-at="2021-08-12T14:37:31 IST" finished-at="2021-08-12T14:37:32 IST">
    <groups>
    </groups>
    <test name="Default test" duration-ms="553" started-at="2021-08-12T14:37:31 IST" finished-at="2021-08-12T14:37:32 IST">
      <class name="com.cflx.test.TestCurdOperations">
        <test-method status="PASS" signature="init()[pri:0, instance:com.cflx.test.TestCurdOperations@2bbf4b8b]" name="init" is-config="true" duration-ms="422" started-at="2021-08-12T14:37:31 IST" finished-at="2021-08-12T14:37:32 IST">
          <reporter-output>
          </reporter-output>
        </test-method> <!-- init -->
        <test-method status="PASS" signature="testDeleteEmployee()[pri:0, instance:com.cflx.test.TestCurdOperations@2bbf4b8b]" name="testDeleteEmployee" duration-ms="95" started-at="2021-08-12T14:37:32 IST" finished-at="2021-08-12T14:37:32 IST">
          <reporter-output>
          </reporter-output>
        </test-method> <!-- testDeleteEmployee -->
      </class> <!-- com.cflx.test.TestCurdOperations -->
    </test> <!-- Default test -->
  </suite> <!-- Default suite -->
</testng-results>
