<?xml version="1.0" encoding="UTF-8"?>
<!-- Generated by org.testng.reporters.JUnitXMLReporter -->
<testsuite hostname="DESKTOP-US5T7L0" ignored="4" name="Default test" tests="1" failures="0" timestamp="2021-08-12T14:37:32 IST" time="0.553" errors="0">
  <testcase name="testDeleteEmployee" time="0.095" classname="com.cflx.test.TestCurdOperations"/>
  <testcase name="testCreateEmployee" time="0.0" classname="com.cflx.test.TestCurdOperations">
    <ignored/>
  </testcase> <!-- testCreateEmployee -->
  <testcase name="testLookupAllEmployee" time="0.0" classname="com.cflx.test.TestCurdOperations">
    <ignored/>
  </testcase> <!-- testLookupAllEmployee -->
  <testcase name="testLookupEmployeeById" time="0.0" classname="com.cflx.test.TestCurdOperations">
    <ignored/>
  </testcase> <!-- testLookupEmployeeById -->
  <testcase name="testUpdateEmployee" time="0.0" classname="com.cflx.test.TestCurdOperations">
    <ignored/>
  </testcase> <!-- testUpdateEmployee -->
</testsuite> <!-- Default test -->
